{"numFailedTestSuites":3,"numFailedTests":0,"numPassedTestSuites":0,"numPassedTests":0,"numPendingTestSuites":0,"numPendingTests":0,"numRuntimeErrorTestSuites":3,"numTodoTests":0,"numTotalTestSuites":3,"numTotalTests":0,"openHandles":[],"snapshot":{"added":0,"didUpdate":false,"failure":false,"filesAdded":0,"filesRemoved":0,"filesRemovedList":[],"filesUnmatched":0,"filesUpdated":0,"matched":0,"total":0,"unchecked":0,"uncheckedKeysByFile":[],"unmatched":0,"updated":0},"startTime":1758435747969,"success":false,"testResults":[{"assertionResults":[],"coverage":{},"endTime":1758435751039,"message":"  \u001b[1m● \u001b[22mTest suite failed to run\n\n    ReferenceError: require is not defined\n\n    \u001b[0m\u001b[31m\u001b[1m>\u001b[22m\u001b[39m\u001b[90m 1 |\u001b[39m \u001b[36mconst\u001b[39m mongoose \u001b[33m=\u001b[39m require(\u001b[32m'mongoose'\u001b[39m)\u001b[33m;\u001b[39m\n     \u001b[90m   |\u001b[39m                  \u001b[31m\u001b[1m^\u001b[22m\u001b[39m\n     \u001b[90m 2 |\u001b[39m \u001b[36mconst\u001b[39m { \u001b[33mMongoMemoryServer\u001b[39m } \u001b[33m=\u001b[39m require(\u001b[32m'mongodb-memory-server'\u001b[39m)\u001b[33m;\u001b[39m\n     \u001b[90m 3 |\u001b[39m\n     \u001b[90m 4 |\u001b[39m \u001b[90m// Set test environment variables\u001b[39m\u001b[0m\n\n      \u001b[2mat require (\u001b[22mtest/setup.js\u001b[2m:1:18)\u001b[22m\n","name":"C:\\Users\\belul\\job-finder\\backend\\test\\services\\users.test.js","startTime":1758435751039,"status":"failed","summary":""},{"assertionResults":[],"coverage":{},"endTime":1758435751039,"message":"  \u001b[1m● \u001b[22mTest suite failed to run\n\n    ReferenceError: require is not defined\n\n    \u001b[0m\u001b[31m\u001b[1m>\u001b[22m\u001b[39m\u001b[90m 1 |\u001b[39m \u001b[36mconst\u001b[39m mongoose \u001b[33m=\u001b[39m require(\u001b[32m'mongoose'\u001b[39m)\u001b[33m;\u001b[39m\n     \u001b[90m   |\u001b[39m                  \u001b[31m\u001b[1m^\u001b[22m\u001b[39m\n     \u001b[90m 2 |\u001b[39m \u001b[36mconst\u001b[39m { \u001b[33mMongoMemoryServer\u001b[39m } \u001b[33m=\u001b[39m require(\u001b[32m'mongodb-memory-server'\u001b[39m)\u001b[33m;\u001b[39m\n     \u001b[90m 3 |\u001b[39m\n     \u001b[90m 4 |\u001b[39m \u001b[90m// Set test environment variables\u001b[39m\u001b[0m\n\n      \u001b[2mat require (\u001b[22mtest/setup.js\u001b[2m:1:18)\u001b[22m\n","name":"C:\\Users\\belul\\job-finder\\backend\\test\\example.test.js","startTime":1758435751039,"status":"failed","summary":""},{"assertionResults":[],"coverage":{},"endTime":1758435751039,"message":"  \u001b[1m● \u001b[22mTest suite failed to run\n\n    ReferenceError: require is not defined\n\n    \u001b[0m\u001b[31m\u001b[1m>\u001b[22m\u001b[39m\u001b[90m 1 |\u001b[39m \u001b[36mconst\u001b[39m mongoose \u001b[33m=\u001b[39m require(\u001b[32m'mongoose'\u001b[39m)\u001b[33m;\u001b[39m\n     \u001b[90m   |\u001b[39m                  \u001b[31m\u001b[1m^\u001b[22m\u001b[39m\n     \u001b[90m 2 |\u001b[39m \u001b[36mconst\u001b[39m { \u001b[33mMongoMemoryServer\u001b[39m } \u001b[33m=\u001b[39m require(\u001b[32m'mongodb-memory-server'\u001b[39m)\u001b[33m;\u001b[39m\n     \u001b[90m 3 |\u001b[39m\n     \u001b[90m 4 |\u001b[39m \u001b[90m// Set test environment variables\u001b[39m\u001b[0m\n\n      \u001b[2mat require (\u001b[22mtest/setup.js\u001b[2m:1:18)\u001b[22m\n","name":"C:\\Users\\belul\\job-finder\\backend\\test\\app.test.js","startTime":1758435751039,"status":"failed","summary":""}],"wasInterrupted":false}
