{"numFailedTestSuites":1,"numFailedTests":2,"numPassedTestSuites":0,"numPassedTests":0,"numPendingTestSuites":0,"numPendingTests":0,"numRuntimeErrorTestSuites":0,"numTodoTests":0,"numTotalTestSuites":1,"numTotalTests":2,"openHandles":[],"snapshot":{"added":0,"didUpdate":false,"failure":false,"filesAdded":0,"filesRemoved":0,"filesRemovedList":[],"filesUnmatched":0,"filesUpdated":0,"matched":0,"total":0,"unchecked":0,"uncheckedKeysByFile":[],"unmatched":0,"updated":0},"startTime":1758435956811,"success":false,"testResults":[{"assertionResults":[{"ancestorTitles":["Job Listings Flow"],"duration":1573,"failing":false,"failureDetails":[{}],"failureMessages":["Error: expected 201 \"Created\", got 500 \"Internal Server Error\"\n    at Object.expect (C:\\Users\\belul\\job-finder\\backend\\test\\services\\job-listings.test.js:29:8)\n    at processTicksAndRejections (node:internal/process/task_queues:105:5)\n----\n    at Test._assertStatus (C:\\Users\\belul\\job-finder\\backend\\node_modules\\supertest\\lib\\test.js:309:14)\n    at C:\\Users\\belul\\job-finder\\backend\\node_modules\\supertest\\lib\\test.js:365:13\n    at Test._assertFunction (C:\\Users\\belul\\job-finder\\backend\\node_modules\\supertest\\lib\\test.js:342:13)\n    at Test.assert (C:\\Users\\belul\\job-finder\\backend\\node_modules\\supertest\\lib\\test.js:195:23)\n    at localAssert (C:\\Users\\belul\\job-finder\\backend\\node_modules\\supertest\\lib\\test.js:138:14)\n    at Server.<anonymous> (C:\\Users\\belul\\job-finder\\backend\\node_modules\\supertest\\lib\\test.js:152:11)\n    at Object.onceWrapper (node:events:632:28)\n    at Server.emit (node:events:518:28)\n    at emitCloseNT (node:net:2419:8)\n    at processTicksAndRejections (node:internal/process/task_queues:89:21)"],"fullName":"Job Listings Flow bootstrap users (admin, company, student) and company profile","invocations":1,"location":null,"numPassingAsserts":0,"retryReasons":[],"startAt":1758435964091,"status":"failed","title":"bootstrap users (admin, company, student) and company profile"},{"ancestorTitles":["Job Listings Flow"],"duration":55,"failing":false,"failureDetails":[{}],"failureMessages":["Error: expected 201 \"Created\", got 401 \"Unauthorized\"\n    at Object.expect (C:\\Users\\belul\\job-finder\\backend\\test\\services\\job-listings.test.js:69:8)\n    at Promise.finally.completed (C:\\Users\\belul\\job-finder\\backend\\node_modules\\jest-circus\\build\\jestAdapterInit.js:1556:28)\n    at new Promise (<anonymous>)\n    at callAsyncCircusFn (C:\\Users\\belul\\job-finder\\backend\\node_modules\\jest-circus\\build\\jestAdapterInit.js:1496:10)\n    at _callCircusTest (C:\\Users\\belul\\job-finder\\backend\\node_modules\\jest-circus\\build\\jestAdapterInit.js:1006:40)\n    at processTicksAndRejections (node:internal/process/task_queues:105:5)\n    at _runTest (C:\\Users\\belul\\job-finder\\backend\\node_modules\\jest-circus\\build\\jestAdapterInit.js:946:3)\n    at _runTestsForDescribeBlock (C:\\Users\\belul\\job-finder\\backend\\node_modules\\jest-circus\\build\\jestAdapterInit.js:839:13)\n    at _runTestsForDescribeBlock (C:\\Users\\belul\\job-finder\\backend\\node_modules\\jest-circus\\build\\jestAdapterInit.js:829:11)\n    at run (C:\\Users\\belul\\job-finder\\backend\\node_modules\\jest-circus\\build\\jestAdapterInit.js:757:3)\n    at runAndTransformResultsToJestFormat (C:\\Users\\belul\\job-finder\\backend\\node_modules\\jest-circus\\build\\jestAdapterInit.js:1917:21)\n    at jestAdapter (C:\\Users\\belul\\job-finder\\backend\\node_modules\\jest-circus\\build\\runner.js:101:19)\n    at runTestInternal (C:\\Users\\belul\\job-finder\\backend\\node_modules\\jest-runner\\build\\index.js:275:16)\n    at runTest (C:\\Users\\belul\\job-finder\\backend\\node_modules\\jest-runner\\build\\index.js:343:7)\n----\n    at Test._assertStatus (C:\\Users\\belul\\job-finder\\backend\\node_modules\\supertest\\lib\\test.js:309:14)\n    at C:\\Users\\belul\\job-finder\\backend\\node_modules\\supertest\\lib\\test.js:365:13\n    at Test._assertFunction (C:\\Users\\belul\\job-finder\\backend\\node_modules\\supertest\\lib\\test.js:342:13)\n    at Test.assert (C:\\Users\\belul\\job-finder\\backend\\node_modules\\supertest\\lib\\test.js:195:23)\n    at localAssert (C:\\Users\\belul\\job-finder\\backend\\node_modules\\supertest\\lib\\test.js:138:14)\n    at Server.<anonymous> (C:\\Users\\belul\\job-finder\\backend\\node_modules\\supertest\\lib\\test.js:152:11)\n    at Object.onceWrapper (node:events:632:28)\n    at Server.emit (node:events:518:28)\n    at emitCloseNT (node:net:2419:8)\n    at processTicksAndRejections (node:internal/process/task_queues:89:21)"],"fullName":"Job Listings Flow company creates and submits listing; admin approves; student can browse","invocations":1,"location":null,"numPassingAsserts":0,"retryReasons":[],"startAt":1758435965668,"status":"failed","title":"company creates and submits listing; admin approves; student can browse"}],"endTime":1758435966155,"message":"\u001b[1m\u001b[31m  \u001b[1m● \u001b[22m\u001b[1mJob Listings Flow › bootstrap users (admin, company, student) and company profile\u001b[39m\u001b[22m\n\n    expected 201 \"Created\", got 500 \"Internal Server Error\"\n\u001b[2m\u001b[22m\n\u001b[2m    \u001b[0m \u001b[90m 27 |\u001b[39m     \u001b[36mconst\u001b[39m compAuth \u001b[33m=\u001b[39m \u001b[36mawait\u001b[39m request(app)\u001b[33m.\u001b[39mpost(\u001b[32m'/authentication'\u001b[39m)\u001b[33m.\u001b[39msend({\u001b[22m\n\u001b[2m     \u001b[90m 28 |\u001b[39m       strategy\u001b[33m:\u001b[39m \u001b[32m'local'\u001b[39m\u001b[33m,\u001b[39m email\u001b[33m:\u001b[39m \u001b[32m'comp@example.com'\u001b[39m\u001b[33m,\u001b[39m password\u001b[33m:\u001b[39m \u001b[32m'password123'\u001b[39m\u001b[22m\n\u001b[2m    \u001b[31m\u001b[1m>\u001b[22m\u001b[2m\u001b[39m\u001b[90m 29 |\u001b[39m     })\u001b[33m.\u001b[39mexpect(\u001b[35m201\u001b[39m)\u001b[33m;\u001b[39m\u001b[22m\n\u001b[2m     \u001b[90m    |\u001b[39m        \u001b[31m\u001b[1m^\u001b[22m\u001b[2m\u001b[39m\u001b[22m\n\u001b[2m     \u001b[90m 30 |\u001b[39m     companyToken \u001b[33m=\u001b[39m compAuth\u001b[33m.\u001b[39mbody\u001b[33m.\u001b[39maccessToken\u001b[33m;\u001b[39m\u001b[22m\n\u001b[2m     \u001b[90m 31 |\u001b[39m\u001b[22m\n\u001b[2m     \u001b[90m 32 |\u001b[39m     \u001b[90m// Student user\u001b[39m\u001b[0m\u001b[22m\n\u001b[2m\u001b[22m\n\u001b[2m      \u001b[2mat Object.expect (\u001b[22m\u001b[2m\u001b[0m\u001b[36mtest/services/job-listings.test.js\u001b[39m\u001b[0m\u001b[2m:29:8)\u001b[22m\u001b[2m\u001b[22m\n\u001b[2m      ----\u001b[22m\n\u001b[2m      \u001b[2mat Test._assertStatus (\u001b[22m\u001b[2mnode_modules/supertest/lib/test.js\u001b[2m:309:14)\u001b[22m\u001b[2m\u001b[22m\n\u001b[2m      \u001b[2mat \u001b[22m\u001b[2mnode_modules/supertest/lib/test.js\u001b[2m:365:13\u001b[22m\u001b[2m\u001b[22m\n\u001b[2m      \u001b[2mat Test._assertFunction (\u001b[22m\u001b[2mnode_modules/supertest/lib/test.js\u001b[2m:342:13)\u001b[22m\u001b[2m\u001b[22m\n\u001b[2m      \u001b[2mat Test.assert (\u001b[22m\u001b[2mnode_modules/supertest/lib/test.js\u001b[2m:195:23)\u001b[22m\u001b[2m\u001b[22m\n\u001b[2m      \u001b[2mat localAssert (\u001b[22m\u001b[2mnode_modules/supertest/lib/test.js\u001b[2m:138:14)\u001b[22m\u001b[2m\u001b[22m\n\u001b[2m      \u001b[2mat Server.<anonymous> (\u001b[22m\u001b[2mnode_modules/supertest/lib/test.js\u001b[2m:152:11)\u001b[22m\u001b[2m\u001b[22m\n\n\u001b[1m\u001b[31m  \u001b[1m● \u001b[22m\u001b[1mJob Listings Flow › company creates and submits listing; admin approves; student can browse\u001b[39m\u001b[22m\n\n    expected 201 \"Created\", got 401 \"Unauthorized\"\n\u001b[2m\u001b[22m\n\u001b[2m    \u001b[0m \u001b[90m 67 |\u001b[39m         submitForApproval\u001b[33m:\u001b[39m \u001b[36mtrue\u001b[39m\u001b[22m\n\u001b[2m     \u001b[90m 68 |\u001b[39m       })\u001b[22m\n\u001b[2m    \u001b[31m\u001b[1m>\u001b[22m\u001b[2m\u001b[39m\u001b[90m 69 |\u001b[39m       \u001b[33m.\u001b[39mexpect(\u001b[35m201\u001b[39m)\u001b[33m;\u001b[39m\u001b[22m\n\u001b[2m     \u001b[90m    |\u001b[39m        \u001b[31m\u001b[1m^\u001b[22m\u001b[2m\u001b[39m\u001b[22m\n\u001b[2m     \u001b[90m 70 |\u001b[39m     listingId \u001b[33m=\u001b[39m createRes\u001b[33m.\u001b[39mbody\u001b[33m.\u001b[39m_id\u001b[33m;\u001b[39m\u001b[22m\n\u001b[2m     \u001b[90m 71 |\u001b[39m     expect(createRes\u001b[33m.\u001b[39mbody\u001b[33m.\u001b[39mstatus)\u001b[33m.\u001b[39mtoBe(\u001b[35m1\u001b[39m)\u001b[33m;\u001b[39m \u001b[90m// pending\u001b[39m\u001b[22m\n\u001b[2m     \u001b[90m 72 |\u001b[39m\u001b[0m\u001b[22m\n\u001b[2m\u001b[22m\n\u001b[2m      \u001b[2mat Object.expect (\u001b[22m\u001b[2m\u001b[0m\u001b[36mtest/services/job-listings.test.js\u001b[39m\u001b[0m\u001b[2m:69:8)\u001b[22m\u001b[2m\u001b[22m\n\u001b[2m      ----\u001b[22m\n\u001b[2m      \u001b[2mat Test._assertStatus (\u001b[22m\u001b[2mnode_modules/supertest/lib/test.js\u001b[2m:309:14)\u001b[22m\u001b[2m\u001b[22m\n\u001b[2m      \u001b[2mat \u001b[22m\u001b[2mnode_modules/supertest/lib/test.js\u001b[2m:365:13\u001b[22m\u001b[2m\u001b[22m\n\u001b[2m      \u001b[2mat Test._assertFunction (\u001b[22m\u001b[2mnode_modules/supertest/lib/test.js\u001b[2m:342:13)\u001b[22m\u001b[2m\u001b[22m\n\u001b[2m      \u001b[2mat Test.assert (\u001b[22m\u001b[2mnode_modules/supertest/lib/test.js\u001b[2m:195:23)\u001b[22m\u001b[2m\u001b[22m\n\u001b[2m      \u001b[2mat localAssert (\u001b[22m\u001b[2mnode_modules/supertest/lib/test.js\u001b[2m:138:14)\u001b[22m\u001b[2m\u001b[22m\n\u001b[2m      \u001b[2mat Server.<anonymous> (\u001b[22m\u001b[2mnode_modules/supertest/lib/test.js\u001b[2m:152:11)\u001b[22m\u001b[2m\u001b[22m\n","name":"C:\\Users\\belul\\job-finder\\backend\\test\\services\\job-listings.test.js","startTime":1758435956986,"status":"failed","summary":""}],"wasInterrupted":false}
